<?xml version="1.0" encoding="UTF-8"?>
<!-- Generated by org.testng.reporters.JUnitReportReporter -->
<testsuite hostname="ADDU-YASHVASIN-YADAV-07" failures="0" tests="1" name="com.practice.Practice" time="10.197" errors="0" timestamp="2025-01-27T10:44:04 IST" skipped="0">
  <testcase classname="com.practice.Practice" name="BrowserLaunch" time="10.197"/>
</testsuite> <!-- com.practice.Practice -->
