<?xml version="1.0" encoding="UTF-8"?>
<!-- Generated by org.testng.reporters.JUnitReportReporter -->
<testsuite hostname="ADDU-YASHVASIN-YADAV-07" failures="0" tests="1" name="com.practice.Practice" time="8.405" errors="0" timestamp="2025-01-26T21:48:46 IST" skipped="0">
  <testcase classname="com.practice.Practice" name="BrowserLaunch" time="8.405"/>
</testsuite> <!-- com.practice.Practice -->
